  [1m[35m (0.1ms)[0m  [1m[34mSELECT sqlite_version(*)[0m
  ↳ bin/rails:9
  [1m[35m (6.4ms)[0m  [1m[35mCREATE TABLE "schema_migrations" ("version" varchar NOT NULL PRIMARY KEY)[0m
  ↳ bin/rails:9
  [1m[35m (4.2ms)[0m  [1m[35mCREATE TABLE "ar_internal_metadata" ("key" varchar NOT NULL PRIMARY KEY, "value" varchar, "created_at" datetime NOT NULL, "updated_at" datetime NOT NULL)[0m
  ↳ bin/rails:9
  [1m[35m (0.1ms)[0m  [1m[34mSELECT "schema_migrations"."version" FROM "schema_migrations" ORDER BY "schema_migrations"."version" ASC[0m
  ↳ bin/rails:9
Migrating to DeviseCreateCustomers (20211116095219)
  [1m[35m (0.0ms)[0m  [1m[36mbegin transaction[0m
  ↳ bin/rails:9
  [1m[35m (1.2ms)[0m  [1m[35mCREATE TABLE "customers" ("id" integer PRIMARY KEY AUTOINCREMENT NOT NULL, "email" varchar DEFAULT '' NOT NULL, "encrypted_password" varchar DEFAULT '' NOT NULL, "reset_password_token" varchar, "reset_password_sent_at" datetime, "remember_created_at" datetime, "last_name" varchar NOT NULL, "first_name" varchar NOT NULL, "last_name_kana" varchar NOT NULL, "first_name_kana" varchar NOT NULL, "zip_code" varchar NOT NULL, "address" varchar NOT NULL, "telephone_number" varchar NOT NULL, "is_deleted" boolean DEFAULT 0 NOT NULL, "created_at" datetime NOT NULL, "updated_at" datetime NOT NULL)[0m
  ↳ db/migrate/20211116095219_devise_create_customers.rb:5
  [1m[35m (0.2ms)[0m  [1m[35mCREATE UNIQUE INDEX "index_customers_on_email" ON "customers" ("email")[0m
  ↳ db/migrate/20211116095219_devise_create_customers.rb:47
  [1m[35m (0.1ms)[0m  [1m[35mCREATE UNIQUE INDEX "index_customers_on_reset_password_token" ON "customers" ("reset_password_token")[0m
  ↳ db/migrate/20211116095219_devise_create_customers.rb:48
  [1m[36mActiveRecord::SchemaMigration Create (0.1ms)[0m  [1m[32mINSERT INTO "schema_migrations" ("version") VALUES (?)[0m  [["version", "20211116095219"]]
  ↳ bin/rails:9
  [1m[35m (6.3ms)[0m  [1m[36mcommit transaction[0m
  ↳ bin/rails:9
  [1m[36mActiveRecord::InternalMetadata Load (0.1ms)[0m  [1m[34mSELECT  "ar_internal_metadata".* FROM "ar_internal_metadata" WHERE "ar_internal_metadata"."key" = ? LIMIT ?[0m  [["key", "environment"], ["LIMIT", 1]]
  ↳ bin/rails:9
  [1m[35m (0.0ms)[0m  [1m[36mbegin transaction[0m
  ↳ bin/rails:9
  [1m[36mActiveRecord::InternalMetadata Create (1.1ms)[0m  [1m[32mINSERT INTO "ar_internal_metadata" ("key", "value", "created_at", "updated_at") VALUES (?, ?, ?, ?)[0m  [["key", "environment"], ["value", "development"], ["created_at", "2021-11-16 10:54:14.976994"], ["updated_at", "2021-11-16 10:54:14.976994"]]
  ↳ bin/rails:9
  [1m[35m (4.9ms)[0m  [1m[36mcommit transaction[0m
  ↳ bin/rails:9
  [1m[35m (0.1ms)[0m  [1m[34mSELECT "schema_migrations"."version" FROM "schema_migrations" ORDER BY "schema_migrations"."version" ASC[0m
  ↳ bin/rails:9
  [1m[35m (0.1ms)[0m  [1m[34mSELECT "schema_migrations"."version" FROM "schema_migrations" ORDER BY "schema_migrations"."version" ASC[0m
  ↳ bin/rails:9
Migrating to CreateCartItems (20211116110241)
  [1m[35m (0.1ms)[0m  [1m[36mbegin transaction[0m
  ↳ bin/rails:9
  [1m[35m (0.1ms)[0m  [1m[34mSELECT sqlite_version(*)[0m
  ↳ db/migrate/20211116110241_create_cart_items.rb:3
  [1m[35m (0.5ms)[0m  [1m[35mCREATE TABLE "cart_items" ("id" integer PRIMARY KEY AUTOINCREMENT NOT NULL, "item_id" integer NOT NULL, "customer_id" integer NOT NULL, "quantity" integer NOT NULL, "created_at" datetime NOT NULL, "updated_at" datetime NOT NULL)[0m
  ↳ db/migrate/20211116110241_create_cart_items.rb:3
  [1m[36mActiveRecord::SchemaMigration Create (0.1ms)[0m  [1m[32mINSERT INTO "schema_migrations" ("version") VALUES (?)[0m  [["version", "20211116110241"]]
  ↳ bin/rails:9
  [1m[35m (6.7ms)[0m  [1m[36mcommit transaction[0m
  ↳ bin/rails:9
Migrating to CreateItems (20211116110441)
  [1m[35m (0.0ms)[0m  [1m[36mbegin transaction[0m
  ↳ bin/rails:9
  [1m[35m (0.3ms)[0m  [1m[35mCREATE TABLE "items" ("id" integer PRIMARY KEY AUTOINCREMENT NOT NULL, "genre_id" integer NOT NULL, "is_active" boolean DEFAULT 1 NOT NULL, "name" varchar NOT NULL, "price_no_tax" integer NOT NULL, "description" text NOT NULL, "image_id" varchar NOT NULL, "created_at" datetime NOT NULL, "updated_at" datetime NOT NULL)[0m
  ↳ db/migrate/20211116110441_create_items.rb:3
  [1m[36mActiveRecord::SchemaMigration Create (0.1ms)[0m  [1m[32mINSERT INTO "schema_migrations" ("version") VALUES (?)[0m  [["version", "20211116110441"]]
  ↳ bin/rails:9
  [1m[35m (4.6ms)[0m  [1m[36mcommit transaction[0m
  ↳ bin/rails:9
Migrating to CreateGenres (20211116111153)
  [1m[35m (0.0ms)[0m  [1m[36mbegin transaction[0m
  ↳ bin/rails:9
  [1m[35m (0.3ms)[0m  [1m[35mCREATE TABLE "genres" ("id" integer PRIMARY KEY AUTOINCREMENT NOT NULL, "name" varchar NOT NULL, "created_at" datetime NOT NULL, "updated_at" datetime NOT NULL)[0m
  ↳ db/migrate/20211116111153_create_genres.rb:3
  [1m[36mActiveRecord::SchemaMigration Create (0.1ms)[0m  [1m[32mINSERT INTO "schema_migrations" ("version") VALUES (?)[0m  [["version", "20211116111153"]]
  ↳ bin/rails:9
  [1m[35m (4.1ms)[0m  [1m[36mcommit transaction[0m
  ↳ bin/rails:9
Migrating to CreateOrderDetails (20211116115125)
  [1m[35m (0.0ms)[0m  [1m[36mbegin transaction[0m
  ↳ bin/rails:9
  [1m[35m (0.3ms)[0m  [1m[35mCREATE TABLE "order_details" ("id" integer PRIMARY KEY AUTOINCREMENT NOT NULL, "item_id" integer NOT NULL, "order_id" integer NOT NULL, "production_status" integer DEFAULT 0 NOT NULL, "quantity" integer NOT NULL, "price" integer NOT NULL, "created_at" datetime NOT NULL, "updated_at" datetime NOT NULL)[0m
  ↳ db/migrate/20211116115125_create_order_details.rb:3
  [1m[36mActiveRecord::SchemaMigration Create (0.1ms)[0m  [1m[32mINSERT INTO "schema_migrations" ("version") VALUES (?)[0m  [["version", "20211116115125"]]
  ↳ bin/rails:9
  [1m[35m (4.5ms)[0m  [1m[36mcommit transaction[0m
  ↳ bin/rails:9
Migrating to CreateOrders (20211116122403)
  [1m[35m (0.0ms)[0m  [1m[36mbegin transaction[0m
  ↳ bin/rails:9
  [1m[35m (0.3ms)[0m  [1m[35mCREATE TABLE "orders" ("id" integer PRIMARY KEY AUTOINCREMENT NOT NULL, "customer_id" integer NOT NULL, "zip_code" varchar NOT NULL, "sipping_address" varchar NOT NULL, "shipping_name" varchar NOT NULL, "shipping_cost" integer NOT NULL, "payment_amount" integer NOT NULL, "payment_method" integer DEFAULT 0 NOT NULL, "status" integer DEFAULT 0 NOT NULL, "created_at" datetime NOT NULL, "updated_at" datetime NOT NULL)[0m
  ↳ db/migrate/20211116122403_create_orders.rb:3
  [1m[36mActiveRecord::SchemaMigration Create (0.1ms)[0m  [1m[32mINSERT INTO "schema_migrations" ("version") VALUES (?)[0m  [["version", "20211116122403"]]
  ↳ bin/rails:9
  [1m[35m (4.0ms)[0m  [1m[36mcommit transaction[0m
  ↳ bin/rails:9
Migrating to DeviseCreateAdmins (20211116125039)
  [1m[35m (0.0ms)[0m  [1m[36mbegin transaction[0m
  ↳ bin/rails:9
  [1m[35m (0.3ms)[0m  [1m[35mCREATE TABLE "admins" ("id" integer PRIMARY KEY AUTOINCREMENT NOT NULL, "email" varchar DEFAULT '' NOT NULL, "encrypted_password" varchar DEFAULT '' NOT NULL, "reset_password_token" varchar, "reset_password_sent_at" datetime, "remember_created_at" datetime, "created_at" datetime NOT NULL, "updated_at" datetime NOT NULL)[0m
  ↳ db/migrate/20211116125039_devise_create_admins.rb:5
  [1m[35m (0.2ms)[0m  [1m[35mCREATE UNIQUE INDEX "index_admins_on_email" ON "admins" ("email")[0m
  ↳ db/migrate/20211116125039_devise_create_admins.rb:39
  [1m[35m (0.1ms)[0m  [1m[35mCREATE UNIQUE INDEX "index_admins_on_reset_password_token" ON "admins" ("reset_password_token")[0m
  ↳ db/migrate/20211116125039_devise_create_admins.rb:40
  [1m[36mActiveRecord::SchemaMigration Create (0.3ms)[0m  [1m[32mINSERT INTO "schema_migrations" ("version") VALUES (?)[0m  [["version", "20211116125039"]]
  ↳ bin/rails:9
  [1m[35m (3.9ms)[0m  [1m[36mcommit transaction[0m
  ↳ bin/rails:9
Migrating to CreateShippingAddresses (20211116125411)
  [1m[35m (0.0ms)[0m  [1m[36mbegin transaction[0m
  ↳ bin/rails:9
  [1m[35m (0.3ms)[0m  [1m[35mCREATE TABLE "shipping_addresses" ("id" integer PRIMARY KEY AUTOINCREMENT NOT NULL, "customer_id" integer NOT NULL, "zip_code" varchar NOT NULL, "address" varchar NOT NULL, "recipients_name" varchar NOT NULL, "created_at" datetime NOT NULL, "updated_at" datetime NOT NULL)[0m
  ↳ db/migrate/20211116125411_create_shipping_addresses.rb:3
  [1m[36mActiveRecord::SchemaMigration Create (0.1ms)[0m  [1m[32mINSERT INTO "schema_migrations" ("version") VALUES (?)[0m  [["version", "20211116125411"]]
  ↳ bin/rails:9
  [1m[35m (4.8ms)[0m  [1m[36mcommit transaction[0m
  ↳ bin/rails:9
  [1m[36mActiveRecord::InternalMetadata Load (0.1ms)[0m  [1m[34mSELECT  "ar_internal_metadata".* FROM "ar_internal_metadata" WHERE "ar_internal_metadata"."key" = ? LIMIT ?[0m  [["key", "environment"], ["LIMIT", 1]]
  ↳ bin/rails:9
  [1m[35m (0.1ms)[0m  [1m[36mbegin transaction[0m
  ↳ bin/rails:9
  [1m[35m (0.0ms)[0m  [1m[36mcommit transaction[0m
  ↳ bin/rails:9
  [1m[35m (0.1ms)[0m  [1m[34mSELECT "schema_migrations"."version" FROM "schema_migrations" ORDER BY "schema_migrations"."version" ASC[0m
  ↳ bin/rails:9
  [1m[35m (0.1ms)[0m  [1m[34mSELECT "schema_migrations"."version" FROM "schema_migrations" ORDER BY "schema_migrations"."version" ASC[0m
  ↳ bin/rails:9
  [1m[36mActiveRecord::InternalMetadata Load (0.2ms)[0m  [1m[34mSELECT  "ar_internal_metadata".* FROM "ar_internal_metadata" WHERE "ar_internal_metadata"."key" = ? LIMIT ?[0m  [["key", "environment"], ["LIMIT", 1]]
  ↳ bin/rails:9
  [1m[35m (0.1ms)[0m  [1m[36mbegin transaction[0m
  ↳ bin/rails:9
  [1m[35m (0.0ms)[0m  [1m[36mcommit transaction[0m
  ↳ bin/rails:9
  [1m[35m (0.1ms)[0m  [1m[34mSELECT "schema_migrations"."version" FROM "schema_migrations" ORDER BY "schema_migrations"."version" ASC[0m
  ↳ bin/rails:9
Started GET "/" for 106.167.44.211 at 2021-11-17 05:43:39 +0000
Cannot render console from 106.167.44.211! Allowed networks: 127.0.0.1, ::1, 127.0.0.0/127.255.255.255
  [1m[35m (0.1ms)[0m  [1m[34mSELECT "schema_migrations"."version" FROM "schema_migrations" ORDER BY "schema_migrations"."version" ASC[0m
  ↳ /home/ec2-user/.rvm/gems/ruby-2.6.3/gems/activerecord-5.2.6/lib/active_record/log_subscriber.rb:98
Processing by Rails::WelcomeController#index as HTML
  Rendering /home/ec2-user/.rvm/gems/ruby-2.6.3/gems/railties-5.2.6/lib/rails/templates/rails/welcome/index.html.erb
  Rendered /home/ec2-user/.rvm/gems/ruby-2.6.3/gems/railties-5.2.6/lib/rails/templates/rails/welcome/index.html.erb (4.6ms)
Completed 200 OK in 29ms (Views: 13.7ms | ActiveRecord: 0.0ms)


Started GET "/" for 106.167.44.211 at 2021-11-17 05:43:42 +0000
Cannot render console from 106.167.44.211! Allowed networks: 127.0.0.1, ::1, 127.0.0.0/127.255.255.255
Processing by Rails::WelcomeController#index as HTML
  Rendering /home/ec2-user/.rvm/gems/ruby-2.6.3/gems/railties-5.2.6/lib/rails/templates/rails/welcome/index.html.erb
  Rendered /home/ec2-user/.rvm/gems/ruby-2.6.3/gems/railties-5.2.6/lib/rails/templates/rails/welcome/index.html.erb (2.0ms)
Completed 200 OK in 7ms (Views: 6.1ms | ActiveRecord: 0.0ms)


Started GET "/customers/sign_in" for 106.167.44.211 at 2021-11-17 05:44:41 +0000
Cannot render console from 106.167.44.211! Allowed networks: 127.0.0.1, ::1, 127.0.0.0/127.255.255.255
Processing by Public::SessionsController#new as HTML
  Rendering public/sessions/new.html.erb within layouts/application
  Rendered public/shared/_links.html.erb (0.6ms)
  Rendered public/sessions/new.html.erb within layouts/application (44.9ms)
Completed 200 OK in 7309ms (Views: 7272.9ms | ActiveRecord: 2.5ms)


Started GET "/customers/sign_in" for 106.167.44.211 at 2021-11-17 05:44:49 +0000
Cannot render console from 106.167.44.211! Allowed networks: 127.0.0.1, ::1, 127.0.0.0/127.255.255.255
Processing by Public::SessionsController#new as HTML
  Rendering public/sessions/new.html.erb within layouts/application
  Rendered public/shared/_links.html.erb (0.4ms)
  Rendered public/sessions/new.html.erb within layouts/application (5.7ms)
Completed 200 OK in 79ms (Views: 78.4ms | ActiveRecord: 0.0ms)


Started GET "/customers/sign_in" for 106.167.44.211 at 2021-11-17 05:45:12 +0000
Cannot render console from 106.167.44.211! Allowed networks: 127.0.0.1, ::1, 127.0.0.0/127.255.255.255
Processing by Public::SessionsController#new as HTML
  Rendering public/sessions/new.html.erb within layouts/application
  Rendered public/shared/_links.html.erb (0.4ms)
  Rendered public/sessions/new.html.erb within layouts/application (4.8ms)
Completed 200 OK in 105ms (Views: 99.1ms | ActiveRecord: 0.0ms)


Started GET "/customers/sign_up" for 106.167.44.211 at 2021-11-17 05:45:30 +0000
Cannot render console from 106.167.44.211! Allowed networks: 127.0.0.1, ::1, 127.0.0.0/127.255.255.255
Processing by Public::RegistrationsController#new as HTML
  Rendering public/registrations/new.html.erb within layouts/application
  Rendered public/shared/_error_messages.html.erb (0.4ms)
  Rendered public/shared/_links.html.erb (0.5ms)
  Rendered public/registrations/new.html.erb within layouts/application (8.2ms)
Completed 200 OK in 91ms (Views: 90.6ms | ActiveRecord: 0.0ms)


Started POST "/customers" for 106.167.44.211 at 2021-11-17 05:45:56 +0000
Cannot render console from 106.167.44.211! Allowed networks: 127.0.0.1, ::1, 127.0.0.0/127.255.255.255
Processing by Public::RegistrationsController#create as HTML
  Parameters: {"utf8"=>"✓", "authenticity_token"=>"Mr6SKs2lX3b8+E9qobnKxwBDpwpCOOAA6k0qidF+CTc4DJPXD4FkRUBoYgz0dxw11ZEniFU2Ov1yGVqBkBwjRQ==", "customer"=>{"email"=>"jitto@gmail", "password"=>"[FILTERED]", "password_confirmation"=>"[FILTERED]"}, "commit"=>"Sign up"}
  [1m[35m (0.1ms)[0m  [1m[36mbegin transaction[0m
  ↳ /home/ec2-user/.rvm/gems/ruby-2.6.3/gems/activerecord-5.2.6/lib/active_record/log_subscriber.rb:98
  [1m[36mCustomer Exists (0.3ms)[0m  [1m[34mSELECT  1 AS one FROM "customers" WHERE "customers"."email" = ? LIMIT ?[0m  [["email", "jitto@gmail"], ["LIMIT", 1]]
  ↳ /home/ec2-user/.rvm/gems/ruby-2.6.3/gems/activerecord-5.2.6/lib/active_record/log_subscriber.rb:98
  [1m[36mCustomer Create (0.6ms)[0m  [1m[32mINSERT INTO "customers" ("email", "encrypted_password", "created_at", "updated_at") VALUES (?, ?, ?, ?)[0m  [["email", "jitto@gmail"], ["encrypted_password", "$2a$12$C6WNnV1RjktahlpG.c6gYePBSXamdpUfnATbo8zY3ZcLn3yzJn92y"], ["created_at", "2021-11-17 05:45:56.978555"], ["updated_at", "2021-11-17 05:45:56.978555"]]
  ↳ /home/ec2-user/.rvm/gems/ruby-2.6.3/gems/activerecord-5.2.6/lib/active_record/log_subscriber.rb:98
  [1m[35m (0.1ms)[0m  [1m[31mrollback transaction[0m
  ↳ /home/ec2-user/.rvm/gems/ruby-2.6.3/gems/activerecord-5.2.6/lib/active_record/log_subscriber.rb:98
Completed 500 Internal Server Error in 353ms (ActiveRecord: 1.1ms)


  
ActiveRecord::NotNullViolation (SQLite3::ConstraintException: customers.last_name may not be NULL: INSERT INTO "customers" ("email", "encrypted_password", "created_at", "updated_at") VALUES (?, ?, ?, ?)):
  
sqlite3 (1.4.2) lib/sqlite3/statement.rb:108:in `step'
sqlite3 (1.4.2) lib/sqlite3/statement.rb:108:in `block in each'
sqlite3 (1.4.2) lib/sqlite3/statement.rb:107:in `loop'
sqlite3 (1.4.2) lib/sqlite3/statement.rb:107:in `each'
activerecord (5.2.6) lib/active_record/connection_adapters/sqlite3_adapter.rb:222:in `to_a'
activerecord (5.2.6) lib/active_record/connection_adapters/sqlite3_adapter.rb:222:in `block (2 levels) in exec_query'
activesupport (5.2.6) lib/active_support/dependencies/interlock.rb:48:in `block in permit_concurrent_loads'
activesupport (5.2.6) lib/active_support/concurrency/share_lock.rb:187:in `yield_shares'
activesupport (5.2.6) lib/active_support/dependencies/interlock.rb:47:in `permit_concurrent_loads'
activerecord (5.2.6) lib/active_record/connection_adapters/sqlite3_adapter.rb:213:in `block in exec_query'
activerecord (5.2.6) lib/active_record/connection_adapters/abstract_adapter.rb:581:in `block (2 levels) in log'
/home/ec2-user/.rvm/rubies/ruby-2.6.3/lib/ruby/2.6.0/monitor.rb:230:in `mon_synchronize'
activerecord (5.2.6) lib/active_record/connection_adapters/abstract_adapter.rb:580:in `block in log'
activesupport (5.2.6) lib/active_support/notifications/instrumenter.rb:23:in `instrument'
activerecord (5.2.6) lib/active_record/connection_adapters/abstract_adapter.rb:571:in `log'
activerecord (5.2.6) lib/active_record/connection_adapters/sqlite3_adapter.rb:212:in `exec_query'
activerecord (5.2.6) lib/active_record/connection_adapters/abstract/database_statements.rb:130:in `exec_insert'
activerecord (5.2.6) lib/active_record/connection_adapters/abstract/database_statements.rb:162:in `insert'
activerecord (5.2.6) lib/active_record/connection_adapters/abstract/query_cache.rb:21:in `insert'
activerecord (5.2.6) lib/active_record/persistence.rb:187:in `_insert_record'
activerecord (5.2.6) lib/active_record/persistence.rb:734:in `_create_record'
activerecord (5.2.6) lib/active_record/counter_cache.rb:184:in `_create_record'
activerecord (5.2.6) lib/active_record/locking/optimistic.rb:70:in `_create_record'
activerecord (5.2.6) lib/active_record/attribute_methods/dirty.rb:140:in `_create_record'
activerecord (5.2.6) lib/active_record/callbacks.rb:346:in `block in _create_record'
activesupport (5.2.6) lib/active_support/callbacks.rb:98:in `run_callbacks'
activesupport (5.2.6) lib/active_support/callbacks.rb:816:in `_run_create_callbacks'
activerecord (5.2.6) lib/active_record/callbacks.rb:346:in `_create_record'
activerecord (5.2.6) lib/active_record/timestamp.rb:102:in `_create_record'
activerecord (5.2.6) lib/active_record/persistence.rb:705:in `create_or_update'
activerecord (5.2.6) lib/active_record/callbacks.rb:342:in `block in create_or_update'
activesupport (5.2.6) lib/active_support/callbacks.rb:98:in `run_callbacks'
activesupport (5.2.6) lib/active_support/callbacks.rb:816:in `_run_save_callbacks'
activerecord (5.2.6) lib/active_record/callbacks.rb:342:in `create_or_update'
activerecord (5.2.6) lib/active_record/persistence.rb:275:in `save'
activerecord (5.2.6) lib/active_record/validations.rb:46:in `save'
activerecord (5.2.6) lib/active_record/transactions.rb:310:in `block (2 levels) in save'
activerecord (5.2.6) lib/active_record/transactions.rb:387:in `block in with_transaction_returning_status'
activerecord (5.2.6) lib/active_record/connection_adapters/abstract/database_statements.rb:267:in `block in transaction'
activerecord (5.2.6) lib/active_record/connection_adapters/abstract/transaction.rb:239:in `block in within_new_transaction'
/home/ec2-user/.rvm/rubies/ruby-2.6.3/lib/ruby/2.6.0/monitor.rb:230:in `mon_synchronize'
activerecord (5.2.6) lib/active_record/connection_adapters/abstract/transaction.rb:236:in `within_new_transaction'
activerecord (5.2.6) lib/active_record/connection_adapters/abstract/database_statements.rb:267:in `transaction'
activerecord (5.2.6) lib/active_record/transactions.rb:212:in `transaction'
activerecord (5.2.6) lib/active_record/transactions.rb:385:in `with_transaction_returning_status'
activerecord (5.2.6) lib/active_record/transactions.rb:310:in `block in save'
activerecord (5.2.6) lib/active_record/transactions.rb:325:in `rollback_active_record_state!'
activerecord (5.2.6) lib/active_record/transactions.rb:309:in `save'
activerecord (5.2.6) lib/active_record/suppressor.rb:44:in `save'
devise (4.8.0) app/controllers/devise/registrations_controller.rb:19:in `create'
actionpack (5.2.6) lib/action_controller/metal/basic_implicit_render.rb:6:in `send_action'
actionpack (5.2.6) lib/abstract_controller/base.rb:194:in `process_action'
actionpack (5.2.6) lib/action_controller/metal/rendering.rb:30:in `process_action'
actionpack (5.2.6) lib/abstract_controller/callbacks.rb:42:in `block in process_action'
activesupport (5.2.6) lib/active_support/callbacks.rb:132:in `run_callbacks'
actionpack (5.2.6) lib/abstract_controller/callbacks.rb:41:in `process_action'
actionpack (5.2.6) lib/action_controller/metal/rescue.rb:22:in `process_action'
actionpack (5.2.6) lib/action_controller/metal/instrumentation.rb:34:in `block in process_action'
activesupport (5.2.6) lib/active_support/notifications.rb:168:in `block in instrument'
activesupport (5.2.6) lib/active_support/notifications/instrumenter.rb:23:in `instrument'
activesupport (5.2.6) lib/active_support/notifications.rb:168:in `instrument'
actionpack (5.2.6) lib/action_controller/metal/instrumentation.rb:32:in `process_action'
actionpack (5.2.6) lib/action_controller/metal/params_wrapper.rb:256:in `process_action'
activerecord (5.2.6) lib/active_record/railties/controller_runtime.rb:24:in `process_action'
actionpack (5.2.6) lib/abstract_controller/base.rb:134:in `process'
actionview (5.2.6) lib/action_view/rendering.rb:32:in `process'
actionpack (5.2.6) lib/action_controller/metal.rb:191:in `dispatch'
actionpack (5.2.6) lib/action_controller/metal.rb:252:in `dispatch'
actionpack (5.2.6) lib/action_dispatch/routing/route_set.rb:52:in `dispatch'
actionpack (5.2.6) lib/action_dispatch/routing/route_set.rb:34:in `serve'
actionpack (5.2.6) lib/action_dispatch/routing/mapper.rb:18:in `block in <class:Constraints>'
actionpack (5.2.6) lib/action_dispatch/routing/mapper.rb:48:in `serve'
actionpack (5.2.6) lib/action_dispatch/journey/router.rb:52:in `block in serve'
actionpack (5.2.6) lib/action_dispatch/journey/router.rb:35:in `each'
actionpack (5.2.6) lib/action_dispatch/journey/router.rb:35:in `serve'
actionpack (5.2.6) lib/action_dispatch/routing/route_set.rb:840:in `call'
warden (1.2.9) lib/warden/manager.rb:36:in `block in call'
warden (1.2.9) lib/warden/manager.rb:34:in `catch'
warden (1.2.9) lib/warden/manager.rb:34:in `call'
rack (2.2.3) lib/rack/tempfile_reaper.rb:15:in `call'
rack (2.2.3) lib/rack/etag.rb:27:in `call'
rack (2.2.3) lib/rack/conditional_get.rb:40:in `call'
rack (2.2.3) lib/rack/head.rb:12:in `call'
actionpack (5.2.6) lib/action_dispatch/http/content_security_policy.rb:18:in `call'
rack (2.2.3) lib/rack/session/abstract/id.rb:266:in `context'
rack (2.2.3) lib/rack/session/abstract/id.rb:260:in `call'
actionpack (5.2.6) lib/action_dispatch/middleware/cookies.rb:670:in `call'
activerecord (5.2.6) lib/active_record/migration.rb:559:in `call'
actionpack (5.2.6) lib/action_dispatch/middleware/callbacks.rb:28:in `block in call'
activesupport (5.2.6) lib/active_support/callbacks.rb:98:in `run_callbacks'
actionpack (5.2.6) lib/action_dispatch/middleware/callbacks.rb:26:in `call'
actionpack (5.2.6) lib/action_dispatch/middleware/executor.rb:14:in `call'
actionpack (5.2.6) lib/action_dispatch/middleware/debug_exceptions.rb:61:in `call'
web-console (3.7.0) lib/web_console/middleware.rb:135:in `call_app'
web-console (3.7.0) lib/web_console/middleware.rb:22:in `block in call'
web-console (3.7.0) lib/web_console/middleware.rb:20:in `catch'
web-console (3.7.0) lib/web_console/middleware.rb:20:in `call'
actionpack (5.2.6) lib/action_dispatch/middleware/show_exceptions.rb:33:in `call'
railties (5.2.6) lib/rails/rack/logger.rb:38:in `call_app'
railties (5.2.6) lib/rails/rack/logger.rb:26:in `block in call'
activesupport (5.2.6) lib/active_support/tagged_logging.rb:71:in `block in tagged'
activesupport (5.2.6) lib/active_support/tagged_logging.rb:28:in `tagged'
activesupport (5.2.6) lib/active_support/tagged_logging.rb:71:in `tagged'
railties (5.2.6) lib/rails/rack/logger.rb:26:in `call'
sprockets-rails (3.4.0) lib/sprockets/rails/quiet_assets.rb:13:in `call'
actionpack (5.2.6) lib/action_dispatch/middleware/remote_ip.rb:81:in `call'
actionpack (5.2.6) lib/action_dispatch/middleware/request_id.rb:27:in `call'
rack (2.2.3) lib/rack/method_override.rb:24:in `call'
rack (2.2.3) lib/rack/runtime.rb:22:in `call'
activesupport (5.2.6) lib/active_support/cache/strategy/local_cache_middleware.rb:29:in `call'
actionpack (5.2.6) lib/action_dispatch/middleware/executor.rb:14:in `call'
actionpack (5.2.6) lib/action_dispatch/middleware/static.rb:127:in `call'
rack (2.2.3) lib/rack/sendfile.rb:110:in `call'
railties (5.2.6) lib/rails/engine.rb:524:in `call'
puma (3.12.6) lib/puma/configuration.rb:227:in `call'
puma (3.12.6) lib/puma/server.rb:706:in `handle_request'
puma (3.12.6) lib/puma/server.rb:476:in `process_client'
puma (3.12.6) lib/puma/server.rb:334:in `block in run'
puma (3.12.6) lib/puma/thread_pool.rb:135:in `block in spawn_thread'
